
> phoenix-ui@0.0.1 build-storybook /Users/parkerstafford/repos/phoenix/app
> storybook build "--output-dir=/var/folders/z4/jhpbbwc11yq6n0r4cbytlqfr0000gn/T/chromatic--66298-UEklY2ERYP9Z"

[1m@storybook/core v8.4.6
[22m
info => Cleaning outputDir: [36m../../../../../var/folders/z4/jhpbbwc11yq6n0r4cbytlqfr0000gn/T/chromatic--66298-UEklY2ERYP9Z[39m
info => Loading presets
info => Building manager..
info => Manager built ([38;2;181;126;229m116 ms[39m)
info => Building preview..
WARN No story files found for the specified pattern: [34mstories/*.mdx[39m
info Using tsconfig paths for react-docgen
[36mvite v5.3.6 [32mbuilding for production...[36m[39m
transforming...
[32m✓[39m 3091 modules transformed.
rendering chunks...
computing gzip size...
[2m../../../../../var/folders/z4/jhpbbwc11yq6n0r4cbytlqfr0000gn/T/chromatic--66298-UEklY2ERYP9Z/[22m[32miframe.html                               [39m[1m[2m 16.54 kB[22m[1m[22m[2m │ gzip:   4.55 kB[22m
[2m../../../../../var/folders/z4/jhpbbwc11yq6n0r4cbytlqfr0000gn/T/chromatic--66298-UEklY2ERYP9Z/[22m[2massets/[22m[36mpreview-CVgpLj3b.js                [39m[1m[2m  0.05 kB[22m[1m[22m[2m │ gzip:   0.07 kB[22m
[2m../../../../../var/folders/z4/jhpbbwc11yq6n0r4cbytlqfr0000gn/T/chromatic--66298-UEklY2ERYP9Z/[22m[2massets/[22m[36mpreview-DFmD0pui.js                [39m[1m[2m  0.17 kB[22m[1m[22m[2m │ gzip:   0.15 kB[22m
[2m../../../../../var/folders/z4/jhpbbwc11yq6n0r4cbytlqfr0000gn/T/chromatic--66298-UEklY2ERYP9Z/[22m[2massets/[22m[36mindex-ChEI-nsM.js                  [39m[1m[2m  0.42 kB[22m[1m[22m[2m │ gzip:   0.28 kB[22m
[2m../../../../../var/folders/z4/jhpbbwc11yq6n0r4cbytlqfr0000gn/T/chromatic--66298-UEklY2ERYP9Z/[22m[2massets/[22m[36mpreview-DGUiP6tS.js                [39m[1m[2m  0.71 kB[22m[1m[22m[2m │ gzip:   0.49 kB[22m
[2m../../../../../var/folders/z4/jhpbbwc11yq6n0r4cbytlqfr0000gn/T/chromatic--66298-UEklY2ERYP9Z/[22m[2massets/[22m[36mchunk-XP5HYGXS-BGCqD1aY.js         [39m[1m[2m  0.72 kB[22m[1m[22m[2m │ gzip:   0.41 kB[22m
[2m../../../../../var/folders/z4/jhpbbwc11yq6n0r4cbytlqfr0000gn/T/chromatic--66298-UEklY2ERYP9Z/[22m[2massets/[22m[36mindex-DrFu-skq.js                  [39m[1m[2m  0.77 kB[22m[1m[22m[2m │ gzip:   0.47 kB[22m
[2m../../../../../var/folders/z4/jhpbbwc11yq6n0r4cbytlqfr0000gn/T/chromatic--66298-UEklY2ERYP9Z/[22m[2massets/[22m[36mreact-18-BamFVnwC.js               [39m[1m[2m  0.80 kB[22m[1m[22m[2m │ gzip:   0.47 kB[22m
[2m../../../../../var/folders/z4/jhpbbwc11yq6n0r4cbytlqfr0000gn/T/chromatic--66298-UEklY2ERYP9Z/[22m[2massets/[22m[36mpreview-DNU7p2W9.js                [39m[1m[2m  0.81 kB[22m[1m[22m[2m │ gzip:   0.52 kB[22m
[2m../../../../../var/folders/z4/jhpbbwc11yq6n0r4cbytlqfr0000gn/T/chromatic--66298-UEklY2ERYP9Z/[22m[2massets/[22m[36mjsx-runtime-DR9Q75dM.js            [39m[1m[2m  0.92 kB[22m[1m[22m[2m │ gzip:   0.58 kB[22m
[2m../../../../../var/folders/z4/jhpbbwc11yq6n0r4cbytlqfr0000gn/T/chromatic--66298-UEklY2ERYP9Z/[22m[2massets/[22m[36mindex-BujkrPqw.js                  [39m[1m[2m  1.79 kB[22m[1m[22m[2m │ gzip:   0.92 kB[22m
[2m../../../../../var/folders/z4/jhpbbwc11yq6n0r4cbytlqfr0000gn/T/chromatic--66298-UEklY2ERYP9Z/[22m[2massets/[22m[36mpreview-aVwhiz9X.js                [39m[1m[2m  3.50 kB[22m[1m[22m[2m │ gzip:   1.69 kB[22m
[2m../../../../../var/folders/z4/jhpbbwc11yq6n0r4cbytlqfr0000gn/T/chromatic--66298-UEklY2ERYP9Z/[22m[2massets/[22m[36mGallery.stories-minWxqro.js        [39m[1m[2m  3.90 kB[22m[1m[22m[2m │ gzip:   1.14 kB[22m
[2m../../../../../var/folders/z4/jhpbbwc11yq6n0r4cbytlqfr0000gn/T/chromatic--66298-UEklY2ERYP9Z/[22m[2massets/[22m[36miframe-BSGjX_Kq.js                 [39m[1m[2m  3.92 kB[22m[1m[22m[2m │ gzip:   1.68 kB[22m
[2m../../../../../var/folders/z4/jhpbbwc11yq6n0r4cbytlqfr0000gn/T/chromatic--66298-UEklY2ERYP9Z/[22m[2massets/[22m[36mComboBox.stories-Do0biqlP.js       [39m[1m[2m  4.24 kB[22m[1m[22m[2m │ gzip:   0.90 kB[22m
[2m../../../../../var/folders/z4/jhpbbwc11yq6n0r4cbytlqfr0000gn/T/chromatic--66298-UEklY2ERYP9Z/[22m[2massets/[22m[36mpreview-D77C14du.js                [39m[1m[2m  5.03 kB[22m[1m[22m[2m │ gzip:   1.86 kB[22m
[2m../../../../../var/folders/z4/jhpbbwc11yq6n0r4cbytlqfr0000gn/T/chromatic--66298-UEklY2ERYP9Z/[22m[2massets/[22m[36mindex-DRjF_FHU.js                  [39m[1m[2m  7.35 kB[22m[1m[22m[2m │ gzip:   2.96 kB[22m
[2m../../../../../var/folders/z4/jhpbbwc11yq6n0r4cbytlqfr0000gn/T/chromatic--66298-UEklY2ERYP9Z/[22m[2massets/[22m[36mpreview-BWzBA1C2.js                [39m[1m[2m  7.62 kB[22m[1m[22m[2m │ gzip:   1.57 kB[22m
[2m../../../../../var/folders/z4/jhpbbwc11yq6n0r4cbytlqfr0000gn/T/chromatic--66298-UEklY2ERYP9Z/[22m[2massets/[22m[36mpreview-CFgKly6U.js                [39m[1m[2m  8.12 kB[22m[1m[22m[2m │ gzip:   3.08 kB[22m
[2m../../../../../var/folders/z4/jhpbbwc11yq6n0r4cbytlqfr0000gn/T/chromatic--66298-UEklY2ERYP9Z/[22m[2massets/[22m[36mColor-F6OSRLHC-DoEYuW7b.js         [39m[1m[2m 29.38 kB[22m[1m[22m[2m │ gzip:  10.94 kB[22m
[2m../../../../../var/folders/z4/jhpbbwc11yq6n0r4cbytlqfr0000gn/T/chromatic--66298-UEklY2ERYP9Z/[22m[2massets/[22m[36mentry-preview-TAf4Z9mO.js          [39m[1m[2m 40.83 kB[22m[1m[22m[2m │ gzip:  13.56 kB[22m
[2m../../../../../var/folders/z4/jhpbbwc11yq6n0r4cbytlqfr0000gn/T/chromatic--66298-UEklY2ERYP9Z/[22m[2massets/[22m[36mindex-CzpEL4_8.js                  [39m[1m[2m 53.72 kB[22m[1m[22m[2m │ gzip:  15.51 kB[22m
[2m../../../../../var/folders/z4/jhpbbwc11yq6n0r4cbytlqfr0000gn/T/chromatic--66298-UEklY2ERYP9Z/[22m[2massets/[22m[36mindex-rX-Bn4lm.js                  [39m[1m[2m133.96 kB[22m[1m[22m[2m │ gzip:  43.14 kB[22m
[2m../../../../../var/folders/z4/jhpbbwc11yq6n0r4cbytlqfr0000gn/T/chromatic--66298-UEklY2ERYP9Z/[22m[2massets/[22m[36mentry-preview-docs-CL0gtcRG.js     [39m[1m[2m256.59 kB[22m[1m[22m[2m │ gzip:  76.45 kB[22m
[2m../../../../../var/folders/z4/jhpbbwc11yq6n0r4cbytlqfr0000gn/T/chromatic--66298-UEklY2ERYP9Z/[22m[2massets/[22m[36mpreview-BJ6EHSBF.js                [39m[1m[33m545.45 kB[39m[22m[2m │ gzip: 144.20 kB[22m
[2m../../../../../var/folders/z4/jhpbbwc11yq6n0r4cbytlqfr0000gn/T/chromatic--66298-UEklY2ERYP9Z/[22m[2massets/[22m[36mThemeWrapper-CbHlMBcR.js           [39m[1m[33m781.88 kB[39m[22m[2m │ gzip: 222.37 kB[22m
[2m../../../../../var/folders/z4/jhpbbwc11yq6n0r4cbytlqfr0000gn/T/chromatic--66298-UEklY2ERYP9Z/[22m[2massets/[22m[36mDocsRenderer-CFRXHY34-C-MRxnaf.js  [39m[1m[33m889.70 kB[39m[22m[2m │ gzip: 276.88 kB[22m
[32m✓ built in 5.77s[39m
info => Preview built ([38;2;181;126;229m6.3 s[39m)
info => Output directory: /var/folders/z4/jhpbbwc11yq6n0r4cbytlqfr0000gn/T/chromatic--66298-UEklY2ERYP9Z
